<?xml version="1.0" encoding="UTF-8"?>
<coverage generated="1595491713414" clover="3.2.0">
  <project timestamp="1595491713414" name="All files">
    <metrics statements="103" coveredstatements="102" conditionals="0" coveredconditionals="0" methods="19" coveredmethods="18" elements="122" coveredelements="120" complexity="0" loc="103" ncloc="103" packages="1" files="9" classes="9"/>
    <file name="add-favourite.js" path="/Users/crispi/bootcampNew/collab/skylab-bootcamp-202004/staff/cristina-gutierrez/gluttony/gluttony-client-logic/src/add-favourite.js">
      <metrics statements="10" coveredstatements="10" conditionals="0" coveredconditionals="0" methods="2" coveredmethods="2"/>
      <line num="1" count="9" type="stmt"/>
      <line num="2" count="9" type="stmt"/>
      <line num="3" count="9" type="stmt"/>
      <line num="4" count="9" type="stmt"/>
      <line num="10" count="9" type="stmt"/>
      <line num="13" count="2" type="stmt"/>
      <line num="14" count="2" type="stmt"/>
      <line num="15" count="2" type="stmt"/>
      <line num="17" count="1" type="stmt"/>
      <line num="20" count="1" type="stmt"/>
    </file>
    <file name="authenticate-user.js" path="/Users/crispi/bootcampNew/collab/skylab-bootcamp-202004/staff/cristina-gutierrez/gluttony/gluttony-client-logic/src/authenticate-user.js">
      <metrics statements="12" coveredstatements="12" conditionals="0" coveredconditionals="0" methods="3" coveredmethods="3"/>
      <line num="1" count="9" type="stmt"/>
      <line num="2" count="9" type="stmt"/>
      <line num="3" count="9" type="stmt"/>
      <line num="4" count="9" type="stmt"/>
      <line num="11" count="9" type="stmt"/>
      <line num="12" count="8" type="stmt"/>
      <line num="13" count="5" type="stmt"/>
      <line num="14" count="5" type="stmt"/>
      <line num="16" count="2" type="stmt"/>
      <line num="19" count="3" type="stmt"/>
      <line num="24" count="1" type="stmt"/>
      <line num="29" count="2" type="stmt"/>
    </file>
    <file name="get-favourites.js" path="/Users/crispi/bootcampNew/collab/skylab-bootcamp-202004/staff/cristina-gutierrez/gluttony/gluttony-client-logic/src/get-favourites.js">
      <metrics statements="11" coveredstatements="11" conditionals="0" coveredconditionals="0" methods="2" coveredmethods="2"/>
      <line num="1" count="9" type="stmt"/>
      <line num="2" count="9" type="stmt"/>
      <line num="3" count="9" type="stmt"/>
      <line num="4" count="9" type="stmt"/>
      <line num="9" count="9" type="stmt"/>
      <line num="12" count="2" type="stmt"/>
      <line num="13" count="2" type="stmt"/>
      <line num="14" count="2" type="stmt"/>
      <line num="16" count="1" type="stmt"/>
      <line num="19" count="1" type="stmt"/>
      <line num="23" count="1" type="stmt"/>
    </file>
    <file name="get-user-comments.js" path="/Users/crispi/bootcampNew/collab/skylab-bootcamp-202004/staff/cristina-gutierrez/gluttony/gluttony-client-logic/src/get-user-comments.js">
      <metrics statements="11" coveredstatements="11" conditionals="0" coveredconditionals="0" methods="2" coveredmethods="2"/>
      <line num="1" count="9" type="stmt"/>
      <line num="2" count="9" type="stmt"/>
      <line num="3" count="9" type="stmt"/>
      <line num="4" count="9" type="stmt"/>
      <line num="9" count="9" type="stmt"/>
      <line num="12" count="2" type="stmt"/>
      <line num="13" count="2" type="stmt"/>
      <line num="14" count="2" type="stmt"/>
      <line num="16" count="1" type="stmt"/>
      <line num="19" count="1" type="stmt"/>
      <line num="23" count="1" type="stmt"/>
    </file>
    <file name="logout.js" path="/Users/crispi/bootcampNew/collab/skylab-bootcamp-202004/staff/cristina-gutierrez/gluttony/gluttony-client-logic/src/logout.js">
      <metrics statements="4" coveredstatements="4" conditionals="0" coveredconditionals="0" methods="1" coveredmethods="1"/>
      <line num="1" count="9" type="stmt"/>
      <line num="2" count="9" type="stmt"/>
      <line num="7" count="9" type="stmt"/>
      <line num="8" count="1" type="stmt"/>
    </file>
    <file name="post-comment.js" path="/Users/crispi/bootcampNew/collab/skylab-bootcamp-202004/staff/cristina-gutierrez/gluttony/gluttony-client-logic/src/post-comment.js">
      <metrics statements="16" coveredstatements="16" conditionals="0" coveredconditionals="0" methods="2" coveredmethods="2"/>
      <line num="1" count="9" type="stmt"/>
      <line num="2" count="9" type="stmt"/>
      <line num="3" count="9" type="stmt"/>
      <line num="4" count="9" type="stmt"/>
      <line num="12" count="9" type="stmt"/>
      <line num="15" count="6" type="stmt"/>
      <line num="16" count="6" type="stmt"/>
      <line num="17" count="6" type="stmt"/>
      <line num="19" count="1" type="stmt"/>
      <line num="21" count="5" type="stmt"/>
      <line num="22" count="5" type="stmt"/>
      <line num="24" count="2" type="stmt"/>
      <line num="26" count="3" type="stmt"/>
      <line num="27" count="3" type="stmt"/>
      <line num="29" count="2" type="stmt"/>
      <line num="32" count="1" type="stmt"/>
    </file>
    <file name="register-user.js" path="/Users/crispi/bootcampNew/collab/skylab-bootcamp-202004/staff/cristina-gutierrez/gluttony/gluttony-client-logic/src/register-user.js">
      <metrics statements="18" coveredstatements="17" conditionals="0" coveredconditionals="0" methods="3" coveredmethods="2"/>
      <line num="1" count="9" type="stmt"/>
      <line num="2" count="9" type="stmt"/>
      <line num="3" count="9" type="stmt"/>
      <line num="4" count="9" type="stmt"/>
      <line num="13" count="9" type="stmt"/>
      <line num="14" count="10" type="stmt"/>
      <line num="15" count="10" type="stmt"/>
      <line num="17" count="2" type="stmt"/>
      <line num="19" count="8" type="stmt"/>
      <line num="20" count="8" type="stmt"/>
      <line num="22" count="2" type="stmt"/>
      <line num="24" count="6" type="stmt"/>
      <line num="25" count="3" type="stmt"/>
      <line num="26" count="3" type="stmt"/>
      <line num="28" count="2" type="stmt"/>
      <line num="31" count="1" type="stmt"/>
      <line num="37" count="1" type="stmt"/>
      <line num="38" count="0" type="stmt"/>
    </file>
    <file name="remove-favourite.js" path="/Users/crispi/bootcampNew/collab/skylab-bootcamp-202004/staff/cristina-gutierrez/gluttony/gluttony-client-logic/src/remove-favourite.js">
      <metrics statements="10" coveredstatements="10" conditionals="0" coveredconditionals="0" methods="2" coveredmethods="2"/>
      <line num="1" count="9" type="stmt"/>
      <line num="2" count="9" type="stmt"/>
      <line num="3" count="9" type="stmt"/>
      <line num="4" count="9" type="stmt"/>
      <line num="9" count="9" type="stmt"/>
      <line num="12" count="2" type="stmt"/>
      <line num="13" count="2" type="stmt"/>
      <line num="14" count="2" type="stmt"/>
      <line num="16" count="1" type="stmt"/>
      <line num="19" count="1" type="stmt"/>
    </file>
    <file name="retrieve-user.js" path="/Users/crispi/bootcampNew/collab/skylab-bootcamp-202004/staff/cristina-gutierrez/gluttony/gluttony-client-logic/src/retrieve-user.js">
      <metrics statements="11" coveredstatements="11" conditionals="0" coveredconditionals="0" methods="2" coveredmethods="2"/>
      <line num="1" count="9" type="stmt"/>
      <line num="2" count="9" type="stmt"/>
      <line num="3" count="9" type="stmt"/>
      <line num="4" count="9" type="stmt"/>
      <line num="9" count="9" type="stmt"/>
      <line num="12" count="2" type="stmt"/>
      <line num="13" count="2" type="stmt"/>
      <line num="14" count="2" type="stmt"/>
      <line num="16" count="1" type="stmt"/>
      <line num="19" count="1" type="stmt"/>
      <line num="23" count="1" type="stmt"/>
    </file>
  </project>
</coverage>
