{"/Users/crispi/bootcampNew/collab/skylab-bootcamp-202004/staff/cristina-gutierrez/gluttony/gluttony-client-logic/src/add-favourite.js": {"path":"/Users/crispi/bootcampNew/collab/skylab-bootcamp-202004/staff/cristina-gutierrez/gluttony/gluttony-client-logic/src/add-favourite.js","statementMap":{"0":{"start":{"line":1,"column":16},"end":{"line":1,"column":36}},"1":{"start":{"line":2,"column":20},"end":{"line":2,"column":27}},"2":{"start":{"line":3,"column":0},"end":{"line":3,"column":44}},"3":{"start":{"line":4,"column":44},"end":{"line":4,"column":71}},"4":{"start":{"line":10,"column":0},"end":{"line":26,"column":15}},"5":{"start":{"line":13,"column":4},"end":{"line":18,"column":5}},"6":{"start":{"line":14,"column":8},"end":{"line":14,"column":52}},"7":{"start":{"line":15,"column":8},"end":{"line":15,"column":39}},"8":{"start":{"line":17,"column":8},"end":{"line":17,"column":66}},"9":{"start":{"line":20,"column":4},"end":{"line":25,"column":23}}},"fnMap":{"0":{"name":"(anonymous_0)","decl":{"start":{"line":10,"column":17},"end":{"line":10,"column":18}},"loc":{"start":{"line":10,"column":41},"end":{"line":26,"column":1}},"line":10},"1":{"name":"(anonymous_1)","decl":{"start":{"line":25,"column":14},"end":{"line":25,"column":15}},"loc":{"start":{"line":25,"column":20},"end":{"line":25,"column":22}},"line":25}},"branchMap":{},"s":{"0":9,"1":9,"2":9,"3":9,"4":9,"5":2,"6":2,"7":2,"8":1,"9":1},"f":{"0":2,"1":1},"b":{},"_coverageSchema":"1a1c01bbd47fc00a2c39e90264f33305004495a9","hash":"cc2b70fc04d1af04d74801b0850bc4d9afecd8f4"}
,"/Users/crispi/bootcampNew/collab/skylab-bootcamp-202004/staff/cristina-gutierrez/gluttony/gluttony-client-logic/src/authenticate-user.js": {"path":"/Users/crispi/bootcampNew/collab/skylab-bootcamp-202004/staff/cristina-gutierrez/gluttony/gluttony-client-logic/src/authenticate-user.js","statementMap":{"0":{"start":{"line":1,"column":16},"end":{"line":1,"column":36}},"1":{"start":{"line":2,"column":20},"end":{"line":2,"column":27}},"2":{"start":{"line":3,"column":0},"end":{"line":3,"column":44}},"3":{"start":{"line":4,"column":29},"end":{"line":4,"column":56}},"4":{"start":{"line":11,"column":0},"end":{"line":30,"column":15}},"5":{"start":{"line":12,"column":4},"end":{"line":12,"column":25}},"6":{"start":{"line":13,"column":4},"end":{"line":17,"column":5}},"7":{"start":{"line":14,"column":8},"end":{"line":14,"column":41}},"8":{"start":{"line":16,"column":8},"end":{"line":16,"column":44}},"9":{"start":{"line":19,"column":4},"end":{"line":29,"column":73}},"10":{"start":{"line":24,"column":12},"end":{"line":27,"column":14}},"11":{"start":{"line":29,"column":22},"end":{"line":29,"column":71}}},"fnMap":{"0":{"name":"(anonymous_0)","decl":{"start":{"line":11,"column":17},"end":{"line":11,"column":18}},"loc":{"start":{"line":11,"column":49},"end":{"line":30,"column":1}},"line":11},"1":{"name":"(anonymous_1)","decl":{"start":{"line":23,"column":14},"end":{"line":23,"column":15}},"loc":{"start":{"line":23,"column":34},"end":{"line":28,"column":9}},"line":23},"2":{"name":"(anonymous_2)","decl":{"start":{"line":29,"column":15},"end":{"line":29,"column":16}},"loc":{"start":{"line":29,"column":21},"end":{"line":29,"column":72}},"line":29}},"branchMap":{},"s":{"0":9,"1":9,"2":9,"3":9,"4":9,"5":8,"6":5,"7":5,"8":2,"9":3,"10":1,"11":2},"f":{"0":8,"1":1,"2":2},"b":{},"_coverageSchema":"1a1c01bbd47fc00a2c39e90264f33305004495a9","hash":"bc69d7183980224496d1f905b8f871eb3b187a50"}
,"/Users/crispi/bootcampNew/collab/skylab-bootcamp-202004/staff/cristina-gutierrez/gluttony/gluttony-client-logic/src/get-favourites.js": {"path":"/Users/crispi/bootcampNew/collab/skylab-bootcamp-202004/staff/cristina-gutierrez/gluttony/gluttony-client-logic/src/get-favourites.js","statementMap":{"0":{"start":{"line":1,"column":16},"end":{"line":1,"column":36}},"1":{"start":{"line":2,"column":20},"end":{"line":2,"column":27}},"2":{"start":{"line":3,"column":0},"end":{"line":3,"column":44}},"3":{"start":{"line":4,"column":44},"end":{"line":4,"column":71}},"4":{"start":{"line":9,"column":0},"end":{"line":25,"column":15}},"5":{"start":{"line":12,"column":4},"end":{"line":17,"column":5}},"6":{"start":{"line":13,"column":8},"end":{"line":13,"column":52}},"7":{"start":{"line":14,"column":8},"end":{"line":14,"column":39}},"8":{"start":{"line":16,"column":8},"end":{"line":16,"column":66}},"9":{"start":{"line":19,"column":4},"end":{"line":24,"column":10}},"10":{"start":{"line":23,"column":12},"end":{"line":23,"column":39}}},"fnMap":{"0":{"name":"(anonymous_0)","decl":{"start":{"line":9,"column":17},"end":{"line":9,"column":18}},"loc":{"start":{"line":9,"column":34},"end":{"line":25,"column":1}},"line":9},"1":{"name":"(anonymous_1)","decl":{"start":{"line":22,"column":14},"end":{"line":22,"column":15}},"loc":{"start":{"line":22,"column":28},"end":{"line":24,"column":9}},"line":22}},"branchMap":{},"s":{"0":9,"1":9,"2":9,"3":9,"4":9,"5":2,"6":2,"7":2,"8":1,"9":1,"10":1},"f":{"0":2,"1":1},"b":{},"_coverageSchema":"1a1c01bbd47fc00a2c39e90264f33305004495a9","hash":"033045ec40fb801f480a81d1c45b9b9f2484f2b0"}
,"/Users/crispi/bootcampNew/collab/skylab-bootcamp-202004/staff/cristina-gutierrez/gluttony/gluttony-client-logic/src/get-user-comments.js": {"path":"/Users/crispi/bootcampNew/collab/skylab-bootcamp-202004/staff/cristina-gutierrez/gluttony/gluttony-client-logic/src/get-user-comments.js","statementMap":{"0":{"start":{"line":1,"column":16},"end":{"line":1,"column":36}},"1":{"start":{"line":2,"column":20},"end":{"line":2,"column":27}},"2":{"start":{"line":3,"column":0},"end":{"line":3,"column":44}},"3":{"start":{"line":4,"column":44},"end":{"line":4,"column":71}},"4":{"start":{"line":9,"column":0},"end":{"line":25,"column":15}},"5":{"start":{"line":12,"column":4},"end":{"line":17,"column":5}},"6":{"start":{"line":13,"column":8},"end":{"line":13,"column":52}},"7":{"start":{"line":14,"column":8},"end":{"line":14,"column":39}},"8":{"start":{"line":16,"column":8},"end":{"line":16,"column":66}},"9":{"start":{"line":19,"column":4},"end":{"line":24,"column":10}},"10":{"start":{"line":23,"column":12},"end":{"line":23,"column":32}}},"fnMap":{"0":{"name":"(anonymous_0)","decl":{"start":{"line":9,"column":17},"end":{"line":9,"column":18}},"loc":{"start":{"line":9,"column":34},"end":{"line":25,"column":1}},"line":9},"1":{"name":"(anonymous_1)","decl":{"start":{"line":22,"column":14},"end":{"line":22,"column":15}},"loc":{"start":{"line":22,"column":28},"end":{"line":24,"column":9}},"line":22}},"branchMap":{},"s":{"0":9,"1":9,"2":9,"3":9,"4":9,"5":2,"6":2,"7":2,"8":1,"9":1,"10":1},"f":{"0":2,"1":1},"b":{},"_coverageSchema":"1a1c01bbd47fc00a2c39e90264f33305004495a9","hash":"efcb24473dc148b3ab4fc408d78a3f28ed1df277"}
,"/Users/crispi/bootcampNew/collab/skylab-bootcamp-202004/staff/cristina-gutierrez/gluttony/gluttony-client-logic/src/logout.js": {"path":"/Users/crispi/bootcampNew/collab/skylab-bootcamp-202004/staff/cristina-gutierrez/gluttony/gluttony-client-logic/src/logout.js","statementMap":{"0":{"start":{"line":1,"column":16},"end":{"line":1,"column":36}},"1":{"start":{"line":2,"column":20},"end":{"line":2,"column":27}},"2":{"start":{"line":7,"column":0},"end":{"line":9,"column":15}},"3":{"start":{"line":8,"column":4},"end":{"line":8,"column":49}}},"fnMap":{"0":{"name":"(anonymous_0)","decl":{"start":{"line":7,"column":17},"end":{"line":7,"column":18}},"loc":{"start":{"line":7,"column":35},"end":{"line":9,"column":1}},"line":7}},"branchMap":{},"s":{"0":9,"1":9,"2":9,"3":1},"f":{"0":1},"b":{},"_coverageSchema":"1a1c01bbd47fc00a2c39e90264f33305004495a9","hash":"880aabd941796fda8b163a95cccbdb9e2a51d466"}
,"/Users/crispi/bootcampNew/collab/skylab-bootcamp-202004/staff/cristina-gutierrez/gluttony/gluttony-client-logic/src/post-comment.js": {"path":"/Users/crispi/bootcampNew/collab/skylab-bootcamp-202004/staff/cristina-gutierrez/gluttony/gluttony-client-logic/src/post-comment.js","statementMap":{"0":{"start":{"line":1,"column":16},"end":{"line":1,"column":36}},"1":{"start":{"line":2,"column":20},"end":{"line":2,"column":27}},"2":{"start":{"line":3,"column":0},"end":{"line":3,"column":44}},"3":{"start":{"line":4,"column":44},"end":{"line":4,"column":71}},"4":{"start":{"line":12,"column":0},"end":{"line":40,"column":15}},"5":{"start":{"line":15,"column":4},"end":{"line":20,"column":5}},"6":{"start":{"line":16,"column":8},"end":{"line":16,"column":52}},"7":{"start":{"line":17,"column":8},"end":{"line":17,"column":39}},"8":{"start":{"line":19,"column":8},"end":{"line":19,"column":66}},"9":{"start":{"line":21,"column":4},"end":{"line":25,"column":5}},"10":{"start":{"line":22,"column":8},"end":{"line":22,"column":37}},"11":{"start":{"line":24,"column":8},"end":{"line":24,"column":43}},"12":{"start":{"line":26,"column":4},"end":{"line":30,"column":5}},"13":{"start":{"line":27,"column":8},"end":{"line":27,"column":40}},"14":{"start":{"line":29,"column":8},"end":{"line":29,"column":45}},"15":{"start":{"line":32,"column":4},"end":{"line":39,"column":23}}},"fnMap":{"0":{"name":"(anonymous_0)","decl":{"start":{"line":12,"column":17},"end":{"line":12,"column":18}},"loc":{"start":{"line":12,"column":47},"end":{"line":40,"column":1}},"line":12},"1":{"name":"(anonymous_1)","decl":{"start":{"line":39,"column":14},"end":{"line":39,"column":15}},"loc":{"start":{"line":39,"column":20},"end":{"line":39,"column":22}},"line":39}},"branchMap":{},"s":{"0":9,"1":9,"2":9,"3":9,"4":9,"5":6,"6":6,"7":6,"8":1,"9":5,"10":5,"11":2,"12":3,"13":3,"14":2,"15":1},"f":{"0":6,"1":1},"b":{},"_coverageSchema":"1a1c01bbd47fc00a2c39e90264f33305004495a9","hash":"58c143b621cf09f85f4a590f8377ee86e6d51215"}
,"/Users/crispi/bootcampNew/collab/skylab-bootcamp-202004/staff/cristina-gutierrez/gluttony/gluttony-client-logic/src/register-user.js": {"path":"/Users/crispi/bootcampNew/collab/skylab-bootcamp-202004/staff/cristina-gutierrez/gluttony/gluttony-client-logic/src/register-user.js","statementMap":{"0":{"start":{"line":1,"column":16},"end":{"line":1,"column":36}},"1":{"start":{"line":2,"column":20},"end":{"line":2,"column":27}},"2":{"start":{"line":3,"column":0},"end":{"line":3,"column":44}},"3":{"start":{"line":4,"column":29},"end":{"line":4,"column":56}},"4":{"start":{"line":13,"column":0},"end":{"line":39,"column":15}},"5":{"start":{"line":14,"column":4},"end":{"line":18,"column":5}},"6":{"start":{"line":15,"column":8},"end":{"line":15,"column":37}},"7":{"start":{"line":17,"column":8},"end":{"line":17,"column":40}},"8":{"start":{"line":19,"column":4},"end":{"line":23,"column":5}},"9":{"start":{"line":20,"column":8},"end":{"line":20,"column":40}},"10":{"start":{"line":22,"column":8},"end":{"line":22,"column":43}},"11":{"start":{"line":24,"column":4},"end":{"line":24,"column":25}},"12":{"start":{"line":25,"column":4},"end":{"line":29,"column":5}},"13":{"start":{"line":26,"column":8},"end":{"line":26,"column":59}},"14":{"start":{"line":28,"column":8},"end":{"line":28,"column":72}},"15":{"start":{"line":31,"column":4},"end":{"line":38,"column":66}},"16":{"start":{"line":37,"column":20},"end":{"line":37,"column":29}},"17":{"start":{"line":38,"column":22},"end":{"line":38,"column":64}}},"fnMap":{"0":{"name":"(anonymous_0)","decl":{"start":{"line":13,"column":17},"end":{"line":13,"column":18}},"loc":{"start":{"line":13,"column":64},"end":{"line":39,"column":1}},"line":13},"1":{"name":"(anonymous_1)","decl":{"start":{"line":37,"column":14},"end":{"line":37,"column":15}},"loc":{"start":{"line":37,"column":20},"end":{"line":37,"column":29}},"line":37},"2":{"name":"(anonymous_2)","decl":{"start":{"line":38,"column":15},"end":{"line":38,"column":16}},"loc":{"start":{"line":38,"column":21},"end":{"line":38,"column":65}},"line":38}},"branchMap":{},"s":{"0":9,"1":9,"2":9,"3":9,"4":9,"5":10,"6":10,"7":2,"8":8,"9":8,"10":2,"11":6,"12":3,"13":3,"14":2,"15":1,"16":1,"17":0},"f":{"0":10,"1":1,"2":0},"b":{},"_coverageSchema":"1a1c01bbd47fc00a2c39e90264f33305004495a9","hash":"a9b1c0aa756c359f3b93c2d085bc1c606c8bb2ac"}
,"/Users/crispi/bootcampNew/collab/skylab-bootcamp-202004/staff/cristina-gutierrez/gluttony/gluttony-client-logic/src/remove-favourite.js": {"path":"/Users/crispi/bootcampNew/collab/skylab-bootcamp-202004/staff/cristina-gutierrez/gluttony/gluttony-client-logic/src/remove-favourite.js","statementMap":{"0":{"start":{"line":1,"column":16},"end":{"line":1,"column":36}},"1":{"start":{"line":2,"column":20},"end":{"line":2,"column":27}},"2":{"start":{"line":3,"column":0},"end":{"line":3,"column":44}},"3":{"start":{"line":4,"column":44},"end":{"line":4,"column":71}},"4":{"start":{"line":9,"column":0},"end":{"line":24,"column":15}},"5":{"start":{"line":12,"column":4},"end":{"line":17,"column":5}},"6":{"start":{"line":13,"column":8},"end":{"line":13,"column":52}},"7":{"start":{"line":14,"column":8},"end":{"line":14,"column":39}},"8":{"start":{"line":16,"column":8},"end":{"line":16,"column":66}},"9":{"start":{"line":19,"column":4},"end":{"line":23,"column":23}}},"fnMap":{"0":{"name":"(anonymous_0)","decl":{"start":{"line":9,"column":17},"end":{"line":9,"column":18}},"loc":{"start":{"line":9,"column":41},"end":{"line":24,"column":1}},"line":9},"1":{"name":"(anonymous_1)","decl":{"start":{"line":23,"column":14},"end":{"line":23,"column":15}},"loc":{"start":{"line":23,"column":20},"end":{"line":23,"column":22}},"line":23}},"branchMap":{},"s":{"0":9,"1":9,"2":9,"3":9,"4":9,"5":2,"6":2,"7":2,"8":1,"9":1},"f":{"0":2,"1":1},"b":{},"_coverageSchema":"1a1c01bbd47fc00a2c39e90264f33305004495a9","hash":"37bf395811ddc36bd3f3e7d71d29829201bc82f5"}
,"/Users/crispi/bootcampNew/collab/skylab-bootcamp-202004/staff/cristina-gutierrez/gluttony/gluttony-client-logic/src/retrieve-user.js": {"path":"/Users/crispi/bootcampNew/collab/skylab-bootcamp-202004/staff/cristina-gutierrez/gluttony/gluttony-client-logic/src/retrieve-user.js","statementMap":{"0":{"start":{"line":1,"column":16},"end":{"line":1,"column":36}},"1":{"start":{"line":2,"column":20},"end":{"line":2,"column":27}},"2":{"start":{"line":3,"column":0},"end":{"line":3,"column":44}},"3":{"start":{"line":4,"column":44},"end":{"line":4,"column":71}},"4":{"start":{"line":9,"column":0},"end":{"line":25,"column":15}},"5":{"start":{"line":12,"column":4},"end":{"line":17,"column":5}},"6":{"start":{"line":13,"column":8},"end":{"line":13,"column":52}},"7":{"start":{"line":14,"column":8},"end":{"line":14,"column":39}},"8":{"start":{"line":16,"column":8},"end":{"line":16,"column":66}},"9":{"start":{"line":19,"column":4},"end":{"line":24,"column":10}},"10":{"start":{"line":23,"column":12},"end":{"line":23,"column":23}}},"fnMap":{"0":{"name":"(anonymous_0)","decl":{"start":{"line":9,"column":17},"end":{"line":9,"column":18}},"loc":{"start":{"line":9,"column":34},"end":{"line":25,"column":1}},"line":9},"1":{"name":"(anonymous_1)","decl":{"start":{"line":22,"column":14},"end":{"line":22,"column":15}},"loc":{"start":{"line":22,"column":28},"end":{"line":24,"column":9}},"line":22}},"branchMap":{},"s":{"0":9,"1":9,"2":9,"3":9,"4":9,"5":2,"6":2,"7":2,"8":1,"9":1,"10":1},"f":{"0":2,"1":1},"b":{},"_coverageSchema":"1a1c01bbd47fc00a2c39e90264f33305004495a9","hash":"daccba886a683a06ecd692175ddb8363a02cc46b"}
}
