TN:
SF:src/add-favourite.js
FN:10,(anonymous_0)
FN:25,(anonymous_1)
FNF:2
FNH:2
FNDA:2,(anonymous_0)
FNDA:1,(anonymous_1)
DA:1,9
DA:2,9
DA:3,9
DA:4,9
DA:10,9
DA:13,2
DA:14,2
DA:15,2
DA:17,1
DA:20,1
LF:10
LH:10
BRF:0
BRH:0
end_of_record
TN:
SF:src/authenticate-user.js
FN:11,(anonymous_0)
FN:23,(anonymous_1)
FN:29,(anonymous_2)
FNF:3
FNH:3
FNDA:8,(anonymous_0)
FNDA:1,(anonymous_1)
FNDA:2,(anonymous_2)
DA:1,9
DA:2,9
DA:3,9
DA:4,9
DA:11,9
DA:12,8
DA:13,5
DA:14,5
DA:16,2
DA:19,3
DA:24,1
DA:29,2
LF:12
LH:12
BRF:0
BRH:0
end_of_record
TN:
SF:src/get-favourites.js
FN:9,(anonymous_0)
FN:22,(anonymous_1)
FNF:2
FNH:2
FNDA:2,(anonymous_0)
FNDA:1,(anonymous_1)
DA:1,9
DA:2,9
DA:3,9
DA:4,9
DA:9,9
DA:12,2
DA:13,2
DA:14,2
DA:16,1
DA:19,1
DA:23,1
LF:11
LH:11
BRF:0
BRH:0
end_of_record
TN:
SF:src/get-user-comments.js
FN:9,(anonymous_0)
FN:22,(anonymous_1)
FNF:2
FNH:2
FNDA:2,(anonymous_0)
FNDA:1,(anonymous_1)
DA:1,9
DA:2,9
DA:3,9
DA:4,9
DA:9,9
DA:12,2
DA:13,2
DA:14,2
DA:16,1
DA:19,1
DA:23,1
LF:11
LH:11
BRF:0
BRH:0
end_of_record
TN:
SF:src/logout.js
FN:7,(anonymous_0)
FNF:1
FNH:1
FNDA:1,(anonymous_0)
DA:1,9
DA:2,9
DA:7,9
DA:8,1
LF:4
LH:4
BRF:0
BRH:0
end_of_record
TN:
SF:src/post-comment.js
FN:12,(anonymous_0)
FN:39,(anonymous_1)
FNF:2
FNH:2
FNDA:6,(anonymous_0)
FNDA:1,(anonymous_1)
DA:1,9
DA:2,9
DA:3,9
DA:4,9
DA:12,9
DA:15,6
DA:16,6
DA:17,6
DA:19,1
DA:21,5
DA:22,5
DA:24,2
DA:26,3
DA:27,3
DA:29,2
DA:32,1
LF:16
LH:16
BRF:0
BRH:0
end_of_record
TN:
SF:src/register-user.js
FN:13,(anonymous_0)
FN:37,(anonymous_1)
FN:38,(anonymous_2)
FNF:3
FNH:2
FNDA:10,(anonymous_0)
FNDA:1,(anonymous_1)
FNDA:0,(anonymous_2)
DA:1,9
DA:2,9
DA:3,9
DA:4,9
DA:13,9
DA:14,10
DA:15,10
DA:17,2
DA:19,8
DA:20,8
DA:22,2
DA:24,6
DA:25,3
DA:26,3
DA:28,2
DA:31,1
DA:37,1
DA:38,0
LF:18
LH:17
BRF:0
BRH:0
end_of_record
TN:
SF:src/remove-favourite.js
FN:9,(anonymous_0)
FN:23,(anonymous_1)
FNF:2
FNH:2
FNDA:2,(anonymous_0)
FNDA:1,(anonymous_1)
DA:1,9
DA:2,9
DA:3,9
DA:4,9
DA:9,9
DA:12,2
DA:13,2
DA:14,2
DA:16,1
DA:19,1
LF:10
LH:10
BRF:0
BRH:0
end_of_record
TN:
SF:src/retrieve-user.js
FN:9,(anonymous_0)
FN:22,(anonymous_1)
FNF:2
FNH:2
FNDA:2,(anonymous_0)
FNDA:1,(anonymous_1)
DA:1,9
DA:2,9
DA:3,9
DA:4,9
DA:9,9
DA:12,2
DA:13,2
DA:14,2
DA:16,1
DA:19,1
DA:23,1
LF:11
LH:11
BRF:0
BRH:0
end_of_record
