{"/Users/crispi/bootcampNew/collab/skylab-bootcamp-202004/staff/cristina-gutierrez/gluttony/gluttony-app/config.js": {"path":"/Users/crispi/bootcampNew/collab/skylab-bootcamp-202004/staff/cristina-gutierrez/gluttony/gluttony-app/config.js","statementMap":{"0":{"start":{"line":1,"column":0},"end":{"line":3,"column":1}}},"fnMap":{},"branchMap":{},"s":{"0":9},"f":{},"b":{},"_coverageSchema":"1a1c01bbd47fc00a2c39e90264f33305004495a9","hash":"28400484f353c82c5e406a340404d2f9e16286f0"}
,"/Users/crispi/bootcampNew/collab/skylab-bootcamp-202004/staff/cristina-gutierrez/gluttony/gluttony-app/gluttony-client-logic/src/add-favourite.js": {"path":"/Users/crispi/bootcampNew/collab/skylab-bootcamp-202004/staff/cristina-gutierrez/gluttony/gluttony-app/gluttony-client-logic/src/add-favourite.js","statementMap":{"0":{"start":{"line":1,"column":20},"end":{"line":1,"column":43}},"1":{"start":{"line":2,"column":0},"end":{"line":2,"column":44}},"2":{"start":{"line":3,"column":16},"end":{"line":3,"column":36}},"3":{"start":{"line":9,"column":0},"end":{"line":28,"column":15}},"4":{"start":{"line":12,"column":4},"end":{"line":17,"column":5}},"5":{"start":{"line":13,"column":8},"end":{"line":13,"column":52}},"6":{"start":{"line":14,"column":8},"end":{"line":14,"column":39}},"7":{"start":{"line":16,"column":8},"end":{"line":16,"column":48}},"8":{"start":{"line":19,"column":4},"end":{"line":27,"column":10}},"9":{"start":{"line":25,"column":12},"end":{"line":25,"column":38}},"10":{"start":{"line":25,"column":32},"end":{"line":25,"column":38}},"11":{"start":{"line":26,"column":12},"end":{"line":26,"column":39}}},"fnMap":{"0":{"name":"(anonymous_0)","decl":{"start":{"line":9,"column":17},"end":{"line":9,"column":18}},"loc":{"start":{"line":9,"column":41},"end":{"line":28,"column":1}},"line":9},"1":{"name":"(anonymous_1)","decl":{"start":{"line":24,"column":14},"end":{"line":24,"column":15}},"loc":{"start":{"line":24,"column":36},"end":{"line":27,"column":9}},"line":24}},"branchMap":{"0":{"loc":{"start":{"line":25,"column":12},"end":{"line":25,"column":38}},"type":"if","locations":[{"start":{"line":25,"column":12},"end":{"line":25,"column":38}},{"start":{"line":25,"column":12},"end":{"line":25,"column":38}}],"line":25}},"s":{"0":9,"1":9,"2":9,"3":9,"4":3,"5":3,"6":3,"7":1,"8":2,"9":2,"10":1,"11":1},"f":{"0":3,"1":2},"b":{"0":[1,1]},"_coverageSchema":"1a1c01bbd47fc00a2c39e90264f33305004495a9","hash":"3f5e8ea169e3b8e295d10a5daae3e64d8edc06ca"}
,"/Users/crispi/bootcampNew/collab/skylab-bootcamp-202004/staff/cristina-gutierrez/gluttony/gluttony-app/gluttony-client-logic/src/authenticate-user.js": {"path":"/Users/crispi/bootcampNew/collab/skylab-bootcamp-202004/staff/cristina-gutierrez/gluttony/gluttony-app/gluttony-client-logic/src/authenticate-user.js","statementMap":{"0":{"start":{"line":1,"column":20},"end":{"line":1,"column":43}},"1":{"start":{"line":2,"column":0},"end":{"line":2,"column":44}},"2":{"start":{"line":3,"column":29},"end":{"line":3,"column":56}},"3":{"start":{"line":4,"column":16},"end":{"line":4,"column":36}},"4":{"start":{"line":11,"column":0},"end":{"line":33,"column":15}},"5":{"start":{"line":12,"column":4},"end":{"line":12,"column":25}},"6":{"start":{"line":13,"column":4},"end":{"line":13,"column":37}},"7":{"start":{"line":15,"column":4},"end":{"line":32,"column":10}},"8":{"start":{"line":22,"column":12},"end":{"line":31,"column":13}},"9":{"start":{"line":23,"column":16},"end":{"line":26,"column":18}},"10":{"start":{"line":28,"column":16},"end":{"line":28,"column":33}},"11":{"start":{"line":30,"column":16},"end":{"line":30,"column":43}}},"fnMap":{"0":{"name":"(anonymous_0)","decl":{"start":{"line":11,"column":17},"end":{"line":11,"column":18}},"loc":{"start":{"line":11,"column":49},"end":{"line":33,"column":1}},"line":11},"1":{"name":"(anonymous_1)","decl":{"start":{"line":21,"column":14},"end":{"line":21,"column":15}},"loc":{"start":{"line":21,"column":42},"end":{"line":32,"column":9}},"line":21}},"branchMap":{"0":{"loc":{"start":{"line":22,"column":12},"end":{"line":31,"column":13}},"type":"if","locations":[{"start":{"line":22,"column":12},"end":{"line":31,"column":13}},{"start":{"line":22,"column":12},"end":{"line":31,"column":13}}],"line":22}},"s":{"0":9,"1":9,"2":9,"3":9,"4":9,"5":4,"6":3,"7":2,"8":2,"9":1,"10":1,"11":1},"f":{"0":4,"1":2},"b":{"0":[1,1]},"_coverageSchema":"1a1c01bbd47fc00a2c39e90264f33305004495a9","hash":"2a55c24776b75b78d7f49cfab4fa297a8631a647"}
,"/Users/crispi/bootcampNew/collab/skylab-bootcamp-202004/staff/cristina-gutierrez/gluttony/gluttony-app/gluttony-client-logic/src/context.js": {"path":"/Users/crispi/bootcampNew/collab/skylab-bootcamp-202004/staff/cristina-gutierrez/gluttony/gluttony-app/gluttony-client-logic/src/context.js","statementMap":{"0":{"start":{"line":1,"column":0},"end":{"line":4,"column":1}}},"fnMap":{},"branchMap":{},"s":{"0":9},"f":{},"b":{},"_coverageSchema":"1a1c01bbd47fc00a2c39e90264f33305004495a9","hash":"e5be1be3994881c5a1968fbe9d90c0f17ff57e7d"}
,"/Users/crispi/bootcampNew/collab/skylab-bootcamp-202004/staff/cristina-gutierrez/gluttony/gluttony-app/gluttony-client-logic/src/find-nearby-bars.js": {"path":"/Users/crispi/bootcampNew/collab/skylab-bootcamp-202004/staff/cristina-gutierrez/gluttony/gluttony-app/gluttony-client-logic/src/find-nearby-bars.js","statementMap":{"0":{"start":{"line":1,"column":20},"end":{"line":1,"column":43}},"1":{"start":{"line":2,"column":16},"end":{"line":2,"column":36}},"2":{"start":{"line":9,"column":0},"end":{"line":24,"column":15}},"3":{"start":{"line":10,"column":4},"end":{"line":23,"column":29}},"4":{"start":{"line":17,"column":12},"end":{"line":21,"column":13}},"5":{"start":{"line":18,"column":16},"end":{"line":18,"column":31}},"6":{"start":{"line":20,"column":16},"end":{"line":20,"column":43}}},"fnMap":{"0":{"name":"(anonymous_0)","decl":{"start":{"line":9,"column":17},"end":{"line":9,"column":18}},"loc":{"start":{"line":9,"column":47},"end":{"line":24,"column":1}},"line":9},"1":{"name":"(anonymous_1)","decl":{"start":{"line":16,"column":14},"end":{"line":16,"column":15}},"loc":{"start":{"line":16,"column":36},"end":{"line":22,"column":9}},"line":16}},"branchMap":{"0":{"loc":{"start":{"line":17,"column":12},"end":{"line":21,"column":13}},"type":"if","locations":[{"start":{"line":17,"column":12},"end":{"line":21,"column":13}},{"start":{"line":17,"column":12},"end":{"line":21,"column":13}}],"line":17}},"s":{"0":9,"1":9,"2":9,"3":0,"4":0,"5":0,"6":0},"f":{"0":0,"1":0},"b":{"0":[0,0]},"_coverageSchema":"1a1c01bbd47fc00a2c39e90264f33305004495a9","hash":"5a54669a9bc7c30b8abd19612ba06cbac852e89f"}
,"/Users/crispi/bootcampNew/collab/skylab-bootcamp-202004/staff/cristina-gutierrez/gluttony/gluttony-app/gluttony-client-logic/src/find-nearby-restaurants.js": {"path":"/Users/crispi/bootcampNew/collab/skylab-bootcamp-202004/staff/cristina-gutierrez/gluttony/gluttony-app/gluttony-client-logic/src/find-nearby-restaurants.js","statementMap":{"0":{"start":{"line":1,"column":20},"end":{"line":1,"column":43}},"1":{"start":{"line":2,"column":16},"end":{"line":2,"column":36}},"2":{"start":{"line":9,"column":0},"end":{"line":24,"column":15}},"3":{"start":{"line":10,"column":4},"end":{"line":23,"column":29}},"4":{"start":{"line":17,"column":12},"end":{"line":21,"column":13}},"5":{"start":{"line":18,"column":16},"end":{"line":18,"column":38}},"6":{"start":{"line":20,"column":16},"end":{"line":20,"column":43}}},"fnMap":{"0":{"name":"(anonymous_0)","decl":{"start":{"line":9,"column":17},"end":{"line":9,"column":18}},"loc":{"start":{"line":9,"column":47},"end":{"line":24,"column":1}},"line":9},"1":{"name":"(anonymous_1)","decl":{"start":{"line":16,"column":14},"end":{"line":16,"column":15}},"loc":{"start":{"line":16,"column":36},"end":{"line":22,"column":9}},"line":16}},"branchMap":{"0":{"loc":{"start":{"line":17,"column":12},"end":{"line":21,"column":13}},"type":"if","locations":[{"start":{"line":17,"column":12},"end":{"line":21,"column":13}},{"start":{"line":17,"column":12},"end":{"line":21,"column":13}}],"line":17}},"s":{"0":9,"1":9,"2":9,"3":0,"4":0,"5":0,"6":0},"f":{"0":0,"1":0},"b":{"0":[0,0]},"_coverageSchema":"1a1c01bbd47fc00a2c39e90264f33305004495a9","hash":"3a4b56fe2dcdd38bc1aa8b32561d04b34f54d2e1"}
,"/Users/crispi/bootcampNew/collab/skylab-bootcamp-202004/staff/cristina-gutierrez/gluttony/gluttony-app/gluttony-client-logic/src/get-favourites.js": {"path":"/Users/crispi/bootcampNew/collab/skylab-bootcamp-202004/staff/cristina-gutierrez/gluttony/gluttony-app/gluttony-client-logic/src/get-favourites.js","statementMap":{"0":{"start":{"line":1,"column":20},"end":{"line":1,"column":43}},"1":{"start":{"line":2,"column":0},"end":{"line":2,"column":44}},"2":{"start":{"line":3,"column":16},"end":{"line":3,"column":36}},"3":{"start":{"line":8,"column":0},"end":{"line":28,"column":15}},"4":{"start":{"line":11,"column":4},"end":{"line":16,"column":5}},"5":{"start":{"line":12,"column":8},"end":{"line":12,"column":52}},"6":{"start":{"line":13,"column":8},"end":{"line":13,"column":39}},"7":{"start":{"line":15,"column":8},"end":{"line":15,"column":48}},"8":{"start":{"line":18,"column":4},"end":{"line":27,"column":10}},"9":{"start":{"line":22,"column":12},"end":{"line":26,"column":13}},"10":{"start":{"line":23,"column":16},"end":{"line":23,"column":43}},"11":{"start":{"line":25,"column":16},"end":{"line":25,"column":43}}},"fnMap":{"0":{"name":"(anonymous_0)","decl":{"start":{"line":8,"column":17},"end":{"line":8,"column":18}},"loc":{"start":{"line":8,"column":34},"end":{"line":28,"column":1}},"line":8},"1":{"name":"(anonymous_1)","decl":{"start":{"line":21,"column":14},"end":{"line":21,"column":15}},"loc":{"start":{"line":21,"column":36},"end":{"line":27,"column":9}},"line":21}},"branchMap":{"0":{"loc":{"start":{"line":22,"column":12},"end":{"line":26,"column":13}},"type":"if","locations":[{"start":{"line":22,"column":12},"end":{"line":26,"column":13}},{"start":{"line":22,"column":12},"end":{"line":26,"column":13}}],"line":22}},"s":{"0":9,"1":9,"2":9,"3":9,"4":3,"5":3,"6":3,"7":1,"8":2,"9":2,"10":1,"11":1},"f":{"0":3,"1":2},"b":{"0":[1,1]},"_coverageSchema":"1a1c01bbd47fc00a2c39e90264f33305004495a9","hash":"60d7476e6878b050c9c4e5ba644da4e2a96812c9"}
,"/Users/crispi/bootcampNew/collab/skylab-bootcamp-202004/staff/cristina-gutierrez/gluttony/gluttony-app/gluttony-client-logic/src/get-user-comments.js": {"path":"/Users/crispi/bootcampNew/collab/skylab-bootcamp-202004/staff/cristina-gutierrez/gluttony/gluttony-app/gluttony-client-logic/src/get-user-comments.js","statementMap":{"0":{"start":{"line":1,"column":20},"end":{"line":1,"column":43}},"1":{"start":{"line":2,"column":0},"end":{"line":2,"column":44}},"2":{"start":{"line":3,"column":16},"end":{"line":3,"column":36}},"3":{"start":{"line":8,"column":0},"end":{"line":28,"column":15}},"4":{"start":{"line":11,"column":4},"end":{"line":16,"column":5}},"5":{"start":{"line":12,"column":8},"end":{"line":12,"column":52}},"6":{"start":{"line":13,"column":8},"end":{"line":13,"column":39}},"7":{"start":{"line":15,"column":8},"end":{"line":15,"column":48}},"8":{"start":{"line":18,"column":4},"end":{"line":27,"column":10}},"9":{"start":{"line":22,"column":12},"end":{"line":26,"column":13}},"10":{"start":{"line":23,"column":16},"end":{"line":23,"column":36}},"11":{"start":{"line":25,"column":16},"end":{"line":25,"column":43}}},"fnMap":{"0":{"name":"(anonymous_0)","decl":{"start":{"line":8,"column":17},"end":{"line":8,"column":18}},"loc":{"start":{"line":8,"column":34},"end":{"line":28,"column":1}},"line":8},"1":{"name":"(anonymous_1)","decl":{"start":{"line":21,"column":14},"end":{"line":21,"column":15}},"loc":{"start":{"line":21,"column":36},"end":{"line":27,"column":9}},"line":21}},"branchMap":{"0":{"loc":{"start":{"line":22,"column":12},"end":{"line":26,"column":13}},"type":"if","locations":[{"start":{"line":22,"column":12},"end":{"line":26,"column":13}},{"start":{"line":22,"column":12},"end":{"line":26,"column":13}}],"line":22}},"s":{"0":9,"1":9,"2":9,"3":9,"4":3,"5":3,"6":3,"7":1,"8":2,"9":2,"10":1,"11":1},"f":{"0":3,"1":2},"b":{"0":[1,1]},"_coverageSchema":"1a1c01bbd47fc00a2c39e90264f33305004495a9","hash":"217ba0a7d83fa019cdb9e58b6affa6c2820f9620"}
,"/Users/crispi/bootcampNew/collab/skylab-bootcamp-202004/staff/cristina-gutierrez/gluttony/gluttony-app/gluttony-client-logic/src/index.js": {"path":"/Users/crispi/bootcampNew/collab/skylab-bootcamp-202004/staff/cristina-gutierrez/gluttony/gluttony-app/gluttony-client-logic/src/index.js","statementMap":{"0":{"start":{"line":1,"column":0},"end":{"line":14,"column":1}}},"fnMap":{},"branchMap":{},"s":{"0":9},"f":{},"b":{},"_coverageSchema":"1a1c01bbd47fc00a2c39e90264f33305004495a9","hash":"b47898f9caf5fd49b74e3ecebe527a08bab51e81"}
,"/Users/crispi/bootcampNew/collab/skylab-bootcamp-202004/staff/cristina-gutierrez/gluttony/gluttony-app/gluttony-client-logic/src/logout.js": {"path":"/Users/crispi/bootcampNew/collab/skylab-bootcamp-202004/staff/cristina-gutierrez/gluttony/gluttony-app/gluttony-client-logic/src/logout.js","statementMap":{"0":{"start":{"line":1,"column":16},"end":{"line":1,"column":36}},"1":{"start":{"line":6,"column":0},"end":{"line":12,"column":15}},"2":{"start":{"line":7,"column":4},"end":{"line":11,"column":5}},"3":{"start":{"line":8,"column":8},"end":{"line":8,"column":47}},"4":{"start":{"line":10,"column":8},"end":{"line":10,"column":47}}},"fnMap":{"0":{"name":"(anonymous_0)","decl":{"start":{"line":6,"column":17},"end":{"line":6,"column":18}},"loc":{"start":{"line":6,"column":34},"end":{"line":12,"column":1}},"line":6}},"branchMap":{},"s":{"0":9,"1":9,"2":1,"3":1,"4":0},"f":{"0":1},"b":{},"_coverageSchema":"1a1c01bbd47fc00a2c39e90264f33305004495a9","hash":"66c3d1a96a3cdc57269e6367a8130e70cc5f02cb"}
,"/Users/crispi/bootcampNew/collab/skylab-bootcamp-202004/staff/cristina-gutierrez/gluttony/gluttony-app/gluttony-client-logic/src/post-comment.js": {"path":"/Users/crispi/bootcampNew/collab/skylab-bootcamp-202004/staff/cristina-gutierrez/gluttony/gluttony-app/gluttony-client-logic/src/post-comment.js","statementMap":{"0":{"start":{"line":1,"column":20},"end":{"line":1,"column":43}},"1":{"start":{"line":2,"column":0},"end":{"line":2,"column":44}},"2":{"start":{"line":3,"column":16},"end":{"line":3,"column":36}},"3":{"start":{"line":11,"column":0},"end":{"line":32,"column":15}},"4":{"start":{"line":14,"column":4},"end":{"line":19,"column":5}},"5":{"start":{"line":15,"column":8},"end":{"line":15,"column":52}},"6":{"start":{"line":16,"column":8},"end":{"line":16,"column":39}},"7":{"start":{"line":18,"column":8},"end":{"line":18,"column":48}},"8":{"start":{"line":21,"column":4},"end":{"line":31,"column":10}},"9":{"start":{"line":29,"column":12},"end":{"line":29,"column":38}},"10":{"start":{"line":29,"column":32},"end":{"line":29,"column":38}},"11":{"start":{"line":30,"column":12},"end":{"line":30,"column":39}}},"fnMap":{"0":{"name":"(anonymous_0)","decl":{"start":{"line":11,"column":17},"end":{"line":11,"column":18}},"loc":{"start":{"line":11,"column":47},"end":{"line":32,"column":1}},"line":11},"1":{"name":"(anonymous_1)","decl":{"start":{"line":28,"column":14},"end":{"line":28,"column":15}},"loc":{"start":{"line":28,"column":36},"end":{"line":31,"column":9}},"line":28}},"branchMap":{"0":{"loc":{"start":{"line":29,"column":12},"end":{"line":29,"column":38}},"type":"if","locations":[{"start":{"line":29,"column":12},"end":{"line":29,"column":38}},{"start":{"line":29,"column":12},"end":{"line":29,"column":38}}],"line":29}},"s":{"0":9,"1":9,"2":9,"3":9,"4":3,"5":3,"6":3,"7":1,"8":2,"9":2,"10":1,"11":1},"f":{"0":3,"1":2},"b":{"0":[1,1]},"_coverageSchema":"1a1c01bbd47fc00a2c39e90264f33305004495a9","hash":"93b2a33cec03b8a62b1fde513fcbc455e97b9516"}
,"/Users/crispi/bootcampNew/collab/skylab-bootcamp-202004/staff/cristina-gutierrez/gluttony/gluttony-app/gluttony-client-logic/src/register-user.js": {"path":"/Users/crispi/bootcampNew/collab/skylab-bootcamp-202004/staff/cristina-gutierrez/gluttony/gluttony-app/gluttony-client-logic/src/register-user.js","statementMap":{"0":{"start":{"line":1,"column":20},"end":{"line":1,"column":43}},"1":{"start":{"line":2,"column":0},"end":{"line":2,"column":44}},"2":{"start":{"line":3,"column":29},"end":{"line":3,"column":56}},"3":{"start":{"line":4,"column":16},"end":{"line":4,"column":36}},"4":{"start":{"line":13,"column":0},"end":{"line":29,"column":15}},"5":{"start":{"line":14,"column":4},"end":{"line":14,"column":25}},"6":{"start":{"line":15,"column":4},"end":{"line":15,"column":28}},"7":{"start":{"line":16,"column":4},"end":{"line":16,"column":25}},"8":{"start":{"line":17,"column":4},"end":{"line":17,"column":55}},"9":{"start":{"line":19,"column":4},"end":{"line":28,"column":10}},"10":{"start":{"line":26,"column":12},"end":{"line":26,"column":38}},"11":{"start":{"line":26,"column":32},"end":{"line":26,"column":38}},"12":{"start":{"line":27,"column":12},"end":{"line":27,"column":39}}},"fnMap":{"0":{"name":"(anonymous_0)","decl":{"start":{"line":13,"column":17},"end":{"line":13,"column":18}},"loc":{"start":{"line":13,"column":64},"end":{"line":29,"column":1}},"line":13},"1":{"name":"(anonymous_1)","decl":{"start":{"line":25,"column":14},"end":{"line":25,"column":15}},"loc":{"start":{"line":25,"column":36},"end":{"line":28,"column":9}},"line":25}},"branchMap":{"0":{"loc":{"start":{"line":26,"column":12},"end":{"line":26,"column":38}},"type":"if","locations":[{"start":{"line":26,"column":12},"end":{"line":26,"column":38}},{"start":{"line":26,"column":12},"end":{"line":26,"column":38}}],"line":26}},"s":{"0":9,"1":9,"2":9,"3":9,"4":9,"5":2,"6":2,"7":2,"8":2,"9":2,"10":2,"11":1,"12":1},"f":{"0":2,"1":2},"b":{"0":[1,1]},"_coverageSchema":"1a1c01bbd47fc00a2c39e90264f33305004495a9","hash":"d41785950fa2d3d3e3ac9d65b191fce870d0de29"}
,"/Users/crispi/bootcampNew/collab/skylab-bootcamp-202004/staff/cristina-gutierrez/gluttony/gluttony-app/gluttony-client-logic/src/remove-favourite.js": {"path":"/Users/crispi/bootcampNew/collab/skylab-bootcamp-202004/staff/cristina-gutierrez/gluttony/gluttony-app/gluttony-client-logic/src/remove-favourite.js","statementMap":{"0":{"start":{"line":1,"column":20},"end":{"line":1,"column":43}},"1":{"start":{"line":2,"column":0},"end":{"line":2,"column":44}},"2":{"start":{"line":3,"column":16},"end":{"line":3,"column":36}},"3":{"start":{"line":8,"column":0},"end":{"line":26,"column":15}},"4":{"start":{"line":11,"column":4},"end":{"line":16,"column":5}},"5":{"start":{"line":12,"column":8},"end":{"line":12,"column":52}},"6":{"start":{"line":13,"column":8},"end":{"line":13,"column":39}},"7":{"start":{"line":15,"column":8},"end":{"line":15,"column":48}},"8":{"start":{"line":18,"column":4},"end":{"line":25,"column":10}},"9":{"start":{"line":23,"column":12},"end":{"line":23,"column":38}},"10":{"start":{"line":23,"column":32},"end":{"line":23,"column":38}},"11":{"start":{"line":24,"column":12},"end":{"line":24,"column":39}}},"fnMap":{"0":{"name":"(anonymous_0)","decl":{"start":{"line":8,"column":17},"end":{"line":8,"column":18}},"loc":{"start":{"line":8,"column":41},"end":{"line":26,"column":1}},"line":8},"1":{"name":"(anonymous_1)","decl":{"start":{"line":22,"column":14},"end":{"line":22,"column":15}},"loc":{"start":{"line":22,"column":36},"end":{"line":25,"column":9}},"line":22}},"branchMap":{"0":{"loc":{"start":{"line":23,"column":12},"end":{"line":23,"column":38}},"type":"if","locations":[{"start":{"line":23,"column":12},"end":{"line":23,"column":38}},{"start":{"line":23,"column":12},"end":{"line":23,"column":38}}],"line":23}},"s":{"0":9,"1":9,"2":9,"3":9,"4":3,"5":3,"6":3,"7":1,"8":2,"9":2,"10":1,"11":1},"f":{"0":3,"1":2},"b":{"0":[1,1]},"_coverageSchema":"1a1c01bbd47fc00a2c39e90264f33305004495a9","hash":"d25d4ebe1311a23045ac7cd1edeaf070a1922e29"}
,"/Users/crispi/bootcampNew/collab/skylab-bootcamp-202004/staff/cristina-gutierrez/gluttony/gluttony-app/gluttony-client-logic/src/retrieve-user.js": {"path":"/Users/crispi/bootcampNew/collab/skylab-bootcamp-202004/staff/cristina-gutierrez/gluttony/gluttony-app/gluttony-client-logic/src/retrieve-user.js","statementMap":{"0":{"start":{"line":1,"column":20},"end":{"line":1,"column":43}},"1":{"start":{"line":2,"column":0},"end":{"line":2,"column":44}},"2":{"start":{"line":3,"column":16},"end":{"line":3,"column":36}},"3":{"start":{"line":8,"column":0},"end":{"line":28,"column":15}},"4":{"start":{"line":11,"column":4},"end":{"line":16,"column":5}},"5":{"start":{"line":12,"column":8},"end":{"line":12,"column":52}},"6":{"start":{"line":13,"column":8},"end":{"line":13,"column":39}},"7":{"start":{"line":15,"column":8},"end":{"line":15,"column":48}},"8":{"start":{"line":18,"column":4},"end":{"line":27,"column":10}},"9":{"start":{"line":22,"column":12},"end":{"line":26,"column":13}},"10":{"start":{"line":23,"column":16},"end":{"line":23,"column":27}},"11":{"start":{"line":25,"column":16},"end":{"line":25,"column":43}}},"fnMap":{"0":{"name":"(anonymous_0)","decl":{"start":{"line":8,"column":17},"end":{"line":8,"column":18}},"loc":{"start":{"line":8,"column":34},"end":{"line":28,"column":1}},"line":8},"1":{"name":"(anonymous_1)","decl":{"start":{"line":21,"column":14},"end":{"line":21,"column":15}},"loc":{"start":{"line":21,"column":36},"end":{"line":27,"column":9}},"line":21}},"branchMap":{"0":{"loc":{"start":{"line":22,"column":12},"end":{"line":26,"column":13}},"type":"if","locations":[{"start":{"line":22,"column":12},"end":{"line":26,"column":13}},{"start":{"line":22,"column":12},"end":{"line":26,"column":13}}],"line":22}},"s":{"0":9,"1":9,"2":9,"3":9,"4":3,"5":3,"6":3,"7":1,"8":2,"9":2,"10":1,"11":1},"f":{"0":3,"1":2},"b":{"0":[1,1]},"_coverageSchema":"1a1c01bbd47fc00a2c39e90264f33305004495a9","hash":"c2a1e65e285dbd9ddc58bb451f65b16034e04857"}
,"/Users/crispi/bootcampNew/collab/skylab-bootcamp-202004/staff/cristina-gutierrez/gluttony/gluttony-app/gluttony-client-logic/tests/mocks/fake-client.js": {"path":"/Users/crispi/bootcampNew/collab/skylab-bootcamp-202004/staff/cristina-gutierrez/gluttony/gluttony-app/gluttony-client-logic/tests/mocks/fake-client.js","statementMap":{"0":{"start":{"line":1,"column":0},"end":{"line":32,"column":1}},"1":{"start":{"line":3,"column":8},"end":{"line":3,"column":29}},"2":{"start":{"line":4,"column":8},"end":{"line":4,"column":25}},"3":{"start":{"line":8,"column":8},"end":{"line":8,"column":29}},"4":{"start":{"line":9,"column":8},"end":{"line":9,"column":30}},"5":{"start":{"line":13,"column":8},"end":{"line":16,"column":9}},"6":{"start":{"line":20,"column":8},"end":{"line":23,"column":9}},"7":{"start":{"line":27,"column":8},"end":{"line":30,"column":9}}},"fnMap":{"0":{"name":"(anonymous_0)","decl":{"start":{"line":2,"column":4},"end":{"line":2,"column":5}},"loc":{"start":{"line":2,"column":32},"end":{"line":5,"column":5}},"line":2},"1":{"name":"(anonymous_1)","decl":{"start":{"line":7,"column":4},"end":{"line":7,"column":5}},"loc":{"start":{"line":7,"column":30},"end":{"line":10,"column":5}},"line":7},"2":{"name":"(anonymous_2)","decl":{"start":{"line":12,"column":4},"end":{"line":12,"column":5}},"loc":{"start":{"line":12,"column":17},"end":{"line":17,"column":5}},"line":12},"3":{"name":"(anonymous_3)","decl":{"start":{"line":19,"column":4},"end":{"line":19,"column":5}},"loc":{"start":{"line":19,"column":16},"end":{"line":24,"column":5}},"line":19},"4":{"name":"(anonymous_4)","decl":{"start":{"line":26,"column":4},"end":{"line":26,"column":5}},"loc":{"start":{"line":26,"column":19},"end":{"line":31,"column":5}},"line":26}},"branchMap":{"0":{"loc":{"start":{"line":2,"column":18},"end":{"line":2,"column":30}},"type":"default-arg","locations":[{"start":{"line":2,"column":27},"end":{"line":2,"column":30}}],"line":2},"1":{"loc":{"start":{"line":7,"column":16},"end":{"line":7,"column":28}},"type":"default-arg","locations":[{"start":{"line":7,"column":25},"end":{"line":7,"column":28}}],"line":7},"2":{"loc":{"start":{"line":14,"column":20},"end":{"line":14,"column":39}},"type":"binary-expr","locations":[{"start":{"line":14,"column":20},"end":{"line":14,"column":32}},{"start":{"line":14,"column":36},"end":{"line":14,"column":39}}],"line":14},"3":{"loc":{"start":{"line":21,"column":20},"end":{"line":21,"column":39}},"type":"binary-expr","locations":[{"start":{"line":21,"column":20},"end":{"line":21,"column":32}},{"start":{"line":21,"column":36},"end":{"line":21,"column":39}}],"line":21},"4":{"loc":{"start":{"line":28,"column":20},"end":{"line":28,"column":39}},"type":"binary-expr","locations":[{"start":{"line":28,"column":20},"end":{"line":28,"column":32}},{"start":{"line":28,"column":36},"end":{"line":28,"column":39}}],"line":28}},"s":{"0":9,"1":4,"2":4,"3":8,"4":8,"5":6,"6":8,"7":2},"f":{"0":4,"1":8,"2":6,"3":8,"4":2},"b":{"0":[4],"1":[8],"2":[6,3],"3":[8,0],"4":[2,1]},"_coverageSchema":"1a1c01bbd47fc00a2c39e90264f33305004495a9","hash":"49af2b2f3d3dce39a4184738ea874341cac504ed"}
,"/Users/crispi/bootcampNew/collab/skylab-bootcamp-202004/staff/cristina-gutierrez/gluttony/gluttony-app/gluttony-client-logic/tests/mocks/fake-storage.js": {"path":"/Users/crispi/bootcampNew/collab/skylab-bootcamp-202004/staff/cristina-gutierrez/gluttony/gluttony-app/gluttony-client-logic/tests/mocks/fake-storage.js","statementMap":{"0":{"start":{"line":1,"column":0},"end":{"line":15,"column":1}},"1":{"start":{"line":5,"column":8},"end":{"line":5,"column":32}},"2":{"start":{"line":9,"column":8},"end":{"line":9,"column":31}},"3":{"start":{"line":13,"column":8},"end":{"line":13,"column":31}}},"fnMap":{"0":{"name":"(anonymous_0)","decl":{"start":{"line":4,"column":4},"end":{"line":4,"column":5}},"loc":{"start":{"line":4,"column":24},"end":{"line":6,"column":5}},"line":4},"1":{"name":"(anonymous_1)","decl":{"start":{"line":8,"column":4},"end":{"line":8,"column":5}},"loc":{"start":{"line":8,"column":17},"end":{"line":10,"column":5}},"line":8},"2":{"name":"(anonymous_2)","decl":{"start":{"line":12,"column":4},"end":{"line":12,"column":5}},"loc":{"start":{"line":12,"column":20},"end":{"line":14,"column":5}},"line":12}},"branchMap":{},"s":{"0":9,"1":14,"2":19,"3":1},"f":{"0":14,"1":19,"2":1},"b":{},"_coverageSchema":"1a1c01bbd47fc00a2c39e90264f33305004495a9","hash":"265644cb4e16f99f5c625fda97e6428d786a5785"}
}
