TN:
SF:config.js
FNF:0
FNH:0
DA:1,9
LF:1
LH:1
BRF:0
BRH:0
end_of_record
TN:
SF:gluttony-client-logic/src/add-favourite.js
FN:9,(anonymous_0)
FN:24,(anonymous_1)
FNF:2
FNH:2
FNDA:3,(anonymous_0)
FNDA:2,(anonymous_1)
DA:1,9
DA:2,9
DA:3,9
DA:9,9
DA:12,3
DA:13,3
DA:14,3
DA:16,1
DA:19,2
DA:25,2
DA:26,1
LF:11
LH:11
BRDA:25,0,0,1
BRDA:25,0,1,1
BRF:2
BRH:2
end_of_record
TN:
SF:gluttony-client-logic/src/authenticate-user.js
FN:11,(anonymous_0)
FN:21,(anonymous_1)
FNF:2
FNH:2
FNDA:4,(anonymous_0)
FNDA:2,(anonymous_1)
DA:1,9
DA:2,9
DA:3,9
DA:4,9
DA:11,9
DA:12,4
DA:13,3
DA:15,2
DA:22,2
DA:23,1
DA:28,1
DA:30,1
LF:12
LH:12
BRDA:22,0,0,1
BRDA:22,0,1,1
BRF:2
BRH:2
end_of_record
TN:
SF:gluttony-client-logic/src/context.js
FNF:0
FNH:0
DA:1,9
LF:1
LH:1
BRF:0
BRH:0
end_of_record
TN:
SF:gluttony-client-logic/src/find-nearby-bars.js
FN:9,(anonymous_0)
FN:16,(anonymous_1)
FNF:2
FNH:0
FNDA:0,(anonymous_0)
FNDA:0,(anonymous_1)
DA:1,9
DA:2,9
DA:9,9
DA:10,0
DA:17,0
DA:18,0
DA:20,0
LF:7
LH:3
BRDA:17,0,0,0
BRDA:17,0,1,0
BRF:2
BRH:0
end_of_record
TN:
SF:gluttony-client-logic/src/find-nearby-restaurants.js
FN:9,(anonymous_0)
FN:16,(anonymous_1)
FNF:2
FNH:0
FNDA:0,(anonymous_0)
FNDA:0,(anonymous_1)
DA:1,9
DA:2,9
DA:9,9
DA:10,0
DA:17,0
DA:18,0
DA:20,0
LF:7
LH:3
BRDA:17,0,0,0
BRDA:17,0,1,0
BRF:2
BRH:0
end_of_record
TN:
SF:gluttony-client-logic/src/get-favourites.js
FN:8,(anonymous_0)
FN:21,(anonymous_1)
FNF:2
FNH:2
FNDA:3,(anonymous_0)
FNDA:2,(anonymous_1)
DA:1,9
DA:2,9
DA:3,9
DA:8,9
DA:11,3
DA:12,3
DA:13,3
DA:15,1
DA:18,2
DA:22,2
DA:23,1
DA:25,1
LF:12
LH:12
BRDA:22,0,0,1
BRDA:22,0,1,1
BRF:2
BRH:2
end_of_record
TN:
SF:gluttony-client-logic/src/get-user-comments.js
FN:8,(anonymous_0)
FN:21,(anonymous_1)
FNF:2
FNH:2
FNDA:3,(anonymous_0)
FNDA:2,(anonymous_1)
DA:1,9
DA:2,9
DA:3,9
DA:8,9
DA:11,3
DA:12,3
DA:13,3
DA:15,1
DA:18,2
DA:22,2
DA:23,1
DA:25,1
LF:12
LH:12
BRDA:22,0,0,1
BRDA:22,0,1,1
BRF:2
BRH:2
end_of_record
TN:
SF:gluttony-client-logic/src/index.js
FNF:0
FNH:0
DA:1,9
LF:1
LH:1
BRF:0
BRH:0
end_of_record
TN:
SF:gluttony-client-logic/src/logout.js
FN:6,(anonymous_0)
FNF:1
FNH:1
FNDA:1,(anonymous_0)
DA:1,9
DA:6,9
DA:7,1
DA:8,1
DA:10,0
LF:5
LH:4
BRF:0
BRH:0
end_of_record
TN:
SF:gluttony-client-logic/src/post-comment.js
FN:11,(anonymous_0)
FN:28,(anonymous_1)
FNF:2
FNH:2
FNDA:3,(anonymous_0)
FNDA:2,(anonymous_1)
DA:1,9
DA:2,9
DA:3,9
DA:11,9
DA:14,3
DA:15,3
DA:16,3
DA:18,1
DA:21,2
DA:29,2
DA:30,1
LF:11
LH:11
BRDA:29,0,0,1
BRDA:29,0,1,1
BRF:2
BRH:2
end_of_record
TN:
SF:gluttony-client-logic/src/register-user.js
FN:13,(anonymous_0)
FN:25,(anonymous_1)
FNF:2
FNH:2
FNDA:2,(anonymous_0)
FNDA:2,(anonymous_1)
DA:1,9
DA:2,9
DA:3,9
DA:4,9
DA:13,9
DA:14,2
DA:15,2
DA:16,2
DA:17,2
DA:19,2
DA:26,2
DA:27,1
LF:12
LH:12
BRDA:26,0,0,1
BRDA:26,0,1,1
BRF:2
BRH:2
end_of_record
TN:
SF:gluttony-client-logic/src/remove-favourite.js
FN:8,(anonymous_0)
FN:22,(anonymous_1)
FNF:2
FNH:2
FNDA:3,(anonymous_0)
FNDA:2,(anonymous_1)
DA:1,9
DA:2,9
DA:3,9
DA:8,9
DA:11,3
DA:12,3
DA:13,3
DA:15,1
DA:18,2
DA:23,2
DA:24,1
LF:11
LH:11
BRDA:23,0,0,1
BRDA:23,0,1,1
BRF:2
BRH:2
end_of_record
TN:
SF:gluttony-client-logic/src/retrieve-user.js
FN:8,(anonymous_0)
FN:21,(anonymous_1)
FNF:2
FNH:2
FNDA:3,(anonymous_0)
FNDA:2,(anonymous_1)
DA:1,9
DA:2,9
DA:3,9
DA:8,9
DA:11,3
DA:12,3
DA:13,3
DA:15,1
DA:18,2
DA:22,2
DA:23,1
DA:25,1
LF:12
LH:12
BRDA:22,0,0,1
BRDA:22,0,1,1
BRF:2
BRH:2
end_of_record
TN:
SF:gluttony-client-logic/tests/mocks/fake-client.js
FN:2,(anonymous_0)
FN:7,(anonymous_1)
FN:12,(anonymous_2)
FN:19,(anonymous_3)
FN:26,(anonymous_4)
FNF:5
FNH:5
FNDA:4,(anonymous_0)
FNDA:8,(anonymous_1)
FNDA:6,(anonymous_2)
FNDA:8,(anonymous_3)
FNDA:2,(anonymous_4)
DA:1,9
DA:3,4
DA:4,4
DA:8,8
DA:9,8
DA:13,6
DA:20,8
DA:27,2
LF:8
LH:8
BRDA:2,0,0,4
BRDA:7,1,0,8
BRDA:14,2,0,6
BRDA:14,2,1,3
BRDA:21,3,0,8
BRDA:21,3,1,0
BRDA:28,4,0,2
BRDA:28,4,1,1
BRF:8
BRH:7
end_of_record
TN:
SF:gluttony-client-logic/tests/mocks/fake-storage.js
FN:4,(anonymous_0)
FN:8,(anonymous_1)
FN:12,(anonymous_2)
FNF:3
FNH:3
FNDA:14,(anonymous_0)
FNDA:19,(anonymous_1)
FNDA:1,(anonymous_2)
DA:1,9
DA:5,14
DA:9,19
DA:13,1
LF:4
LH:4
BRF:0
BRH:0
end_of_record
